<?xml version="1.0" encoding="UTF-8"?>
<!-- Generated by org.testng.reporters.JUnitXMLReporter -->
<testsuite ignored="0" hostname="CNIL-8YNJW33" failures="0" tests="3" name="Default test" time="64.05" errors="0" timestamp="2021-02-11T23:30:00 IST">
  <testcase classname="com.practice.learning.TestCases" name="verifyLegalAge" time="2.65"/>
  <testcase classname="com.practice.learning.TestCases" name="verifyLegalAge_GreaterThan18" time="2.613"/>
  <testcase classname="com.practice.learning.TestCases" name="validateNumberOfEmployees" time="12.059"/>
</testsuite> <!-- Default test -->
