<?xml version="1.0" encoding="UTF-8"?>
<!-- Generated by org.testng.reporters.JUnitXMLReporter -->
<testsuite ignored="0" hostname="CNIL-8YNJW33" failures="0" tests="3" name="Default test" time="59.297" errors="0" timestamp="2021-02-12T18:12:10 IST">
  <testcase classname="com.practice.learning.TestCases" name="verifyLegalAge" time="2.889"/>
  <testcase classname="com.practice.learning.TestCases" name="verifyLegalAge_GreaterThan18" time="2.979"/>
  <testcase classname="com.practice.learning.TestCases" name="validateNumberOfEmployees" time="18.058"/>
</testsuite> <!-- Default test -->
