<?xml version="1.0" encoding="UTF-8"?>
<testng-results ignored="0" total="3" passed="3" failed="0" skipped="0">
  <reporter-output>
  </reporter-output>
  <suite started-at="2021-02-12T18:11:11 IST" name="Default suite" finished-at="2021-02-12T18:12:10 IST" duration-ms="59297">
    <groups>
    </groups>
    <test started-at="2021-02-12T18:11:11 IST" name="Default test" finished-at="2021-02-12T18:12:10 IST" duration-ms="59297">
      <class name="com.practice.learning.TestCases">
        <test-method is-config="true" signature="getDriver()[pri:0, instance:com.practice.learning.TestCases@1613674b]" started-at="2021-02-12T18:11:11 IST" name="getDriver" finished-at="2021-02-12T18:11:20 IST" duration-ms="9677" status="PASS">
          <reporter-output>
          </reporter-output>
        </test-method> <!-- getDriver -->
        <test-method signature="verifyLegalAge()[pri:1, instance:com.practice.learning.TestCases@1613674b]" started-at="2021-02-12T18:11:20 IST" name="verifyLegalAge" finished-at="2021-02-12T18:11:23 IST" duration-ms="2889" status="PASS">
          <reporter-output>
          </reporter-output>
        </test-method> <!-- verifyLegalAge -->
        <test-method is-config="true" signature="tearDown()[pri:0, instance:com.practice.learning.TestCases@1613674b]" started-at="2021-02-12T18:11:23 IST" name="tearDown" finished-at="2021-02-12T18:11:24 IST" duration-ms="698" status="PASS">
          <reporter-output>
          </reporter-output>
        </test-method> <!-- tearDown -->
        <test-method is-config="true" signature="getDriver()[pri:0, instance:com.practice.learning.TestCases@1613674b]" started-at="2021-02-12T18:11:24 IST" name="getDriver" finished-at="2021-02-12T18:11:34 IST" duration-ms="10220" status="PASS">
          <reporter-output>
          </reporter-output>
        </test-method> <!-- getDriver -->
        <test-method signature="verifyLegalAge_GreaterThan18()[pri:2, instance:com.practice.learning.TestCases@1613674b]" started-at="2021-02-12T18:11:34 IST" name="verifyLegalAge_GreaterThan18" finished-at="2021-02-12T18:11:37 IST" duration-ms="2979" status="PASS">
          <reporter-output>
          </reporter-output>
        </test-method> <!-- verifyLegalAge_GreaterThan18 -->
        <test-method is-config="true" signature="tearDown()[pri:0, instance:com.practice.learning.TestCases@1613674b]" started-at="2021-02-12T18:11:37 IST" name="tearDown" finished-at="2021-02-12T18:11:38 IST" duration-ms="647" status="PASS">
          <reporter-output>
          </reporter-output>
        </test-method> <!-- tearDown -->
        <test-method is-config="true" signature="getDriver()[pri:0, instance:com.practice.learning.TestCases@1613674b]" started-at="2021-02-12T18:11:38 IST" name="getDriver" finished-at="2021-02-12T18:11:51 IST" duration-ms="13425" status="PASS">
          <reporter-output>
          </reporter-output>
        </test-method> <!-- getDriver -->
        <test-method signature="validateNumberOfEmployees()[pri:3, instance:com.practice.learning.TestCases@1613674b]" started-at="2021-02-12T18:11:51 IST" name="validateNumberOfEmployees" finished-at="2021-02-12T18:12:09 IST" duration-ms="18058" status="PASS">
          <reporter-output>
          </reporter-output>
        </test-method> <!-- validateNumberOfEmployees -->
        <test-method is-config="true" signature="tearDown()[pri:0, instance:com.practice.learning.TestCases@1613674b]" started-at="2021-02-12T18:12:09 IST" name="tearDown" finished-at="2021-02-12T18:12:10 IST" duration-ms="678" status="PASS">
          <reporter-output>
          </reporter-output>
        </test-method> <!-- tearDown -->
      </class> <!-- com.practice.learning.TestCases -->
    </test> <!-- Default test -->
  </suite> <!-- Default suite -->
</testng-results>
